<?xml version="1.0" encoding="UTF-8"?>
<!-- Generated by org.testng.reporters.JUnitReportReporter -->
<testsuite hostname="LAPTOP-KFM2KDI1" failures="0" tests="2" name="com.supermarket.tests.LoginTest" time="20.651" errors="0" timestamp="2022-11-01T08:01:43 IST" skipped="0">
  <testcase classname="com.supermarket.tests.LoginTest" name="verify_profile_image" time="5.138"/>
  <system-out/>
  <testcase classname="com.supermarket.tests.LoginTest" name="verify_login" time="15.513"/>
  <system-out/>
</testsuite> <!-- com.supermarket.tests.LoginTest -->
