<?xml version="1.0" encoding="UTF-8"?>
<!-- Generated by org.testng.reporters.JUnitReportReporter -->
<testsuite hostname="LAPTOP-KFM2KDI1" failures="0" tests="3" name="com.supermarket.tests.LoginTest" time="19.337" errors="0" timestamp="2022-11-09T16:00:16 IST" skipped="0">
  <testcase classname="com.supermarket.tests.LoginTest" name="verify_login" time="10.599"/>
  <system-out/>
  <testcase classname="com.supermarket.tests.LoginTest" name="verify_profile_image" time="4.185"/>
  <system-out/>
  <testcase classname="com.supermarket.tests.LoginTest" name="verify_textcolor_admin" time="4.553"/>
  <system-out/>
</testsuite> <!-- com.supermarket.tests.LoginTest -->
