<?xml version="1.0" encoding="UTF-8"?>
<!-- Generated by org.testng.reporters.JUnitReportReporter -->
<testsuite hostname="LAPTOP-KFM2KDI1" failures="0" tests="1" name="com.supermarket.tests.ManageSliderTest" time="12.401" errors="0" timestamp="2022-11-10T19:00:45 IST" skipped="0">
  <testcase classname="com.supermarket.tests.ManageSliderTest" name="verify_EnterLocationInformations" time="12.401"/>
  <system-out/>
</testsuite> <!-- com.supermarket.tests.ManageSliderTest -->
