<?xml version="1.0" encoding="UTF-8"?>
<!-- Generated by org.testng.reporters.JUnitReportReporter -->
<testsuite hostname="LAPTOP-KFM2KDI1" failures="0" tests="3" name="com.supermarket.tests.ManageLocationTest" time="20.137" errors="0" timestamp="2022-11-10T19:00:45 IST" skipped="0">
  <testcase classname="com.supermarket.tests.ManageLocationTest" name="verify_UpDateLocationInformations" time="6.846"/>
  <system-out/>
  <testcase classname="com.supermarket.tests.ManageLocationTest" name="verify_EnterLocationInformations" time="7.453"/>
  <system-out/>
  <testcase classname="com.supermarket.tests.ManageLocationTest" name="verify_StatusChangeOption" time="5.838"/>
  <system-out/>
</testsuite> <!-- com.supermarket.tests.ManageLocationTest -->
