<?xml version="1.0" encoding="UTF-8"?>
<!-- Generated by org.testng.reporters.JUnitReportReporter -->
<testsuite hostname="LAPTOP-KFM2KDI1" failures="0" tests="1" name="ManageOfferCodeTest" time="11.372" errors="0" timestamp="2022-11-09T12:04:51 IST" skipped="0">
  <testcase classname="ManageOfferCodeTest" name="verify_SearchOfferCodes" time="11.372"/>
  <system-out/>
</testsuite> <!-- ManageOfferCodeTest -->
