<?xml version="1.0" encoding="UTF-8"?>
<!-- Generated by org.testng.reporters.JUnitReportReporter -->
<testsuite hostname="LAPTOP-KFM2KDI1" failures="0" tests="1" name="com.supermarket.tests.ManageDeliveryBoyTest" time="8.569" errors="0" timestamp="2022-11-10T12:15:28 IST" skipped="0">
  <testcase classname="com.supermarket.tests.ManageDeliveryBoyTest" name="verify_status" time="8.569"/>
  <system-out/>
</testsuite> <!-- com.supermarket.tests.ManageDeliveryBoyTest -->
