<?xml version="1.0" encoding="UTF-8"?>
<!-- Generated by org.testng.reporters.JUnitReportReporter -->
<testsuite hostname="LAPTOP-KFM2KDI1" failures="0" tests="2" name="com.supermarket.tests.LoginTest" time="31.166" errors="0" timestamp="2022-11-10T19:00:45 IST" skipped="0">
  <testcase classname="com.supermarket.tests.LoginTest" name="verify_textcolor_admin" time="20.534"/>
  <system-out/>
  <testcase classname="com.supermarket.tests.LoginTest" name="verify_profile_image" time="10.632"/>
  <system-out/>
</testsuite> <!-- com.supermarket.tests.LoginTest -->
