<?xml version="1.0" encoding="UTF-8"?>
<!-- Generated by org.testng.reporters.JUnitReportReporter -->
<testsuite hostname="LAPTOP-KFM2KDI1" failures="0" tests="1" name="com.supermarket.tests.ManageDeliveryBoyTest" time="9.808" errors="0" timestamp="2022-11-02T12:43:29 IST" skipped="0">
  <testcase classname="com.supermarket.tests.ManageDeliveryBoyTest" name="verify_status" time="9.808"/>
  <system-out/>
</testsuite> <!-- com.supermarket.tests.ManageDeliveryBoyTest -->
