<?xml version="1.0" encoding="UTF-8"?>
<!-- Generated by org.testng.reporters.JUnitReportReporter -->
<testsuite hostname="LAPTOP-KFM2KDI1" failures="0" tests="1" name="com.supermarket.tests.ManageUserTest" time="20.693" errors="0" timestamp="2022-11-10T19:00:45 IST" skipped="0">
  <testcase classname="com.supermarket.tests.ManageUserTest" name="verify_user_deactivation" time="20.693"/>
  <system-out/>
</testsuite> <!-- com.supermarket.tests.ManageUserTest -->
