<?xml version="1.0" encoding="UTF-8"?>
<!-- Generated by org.testng.reporters.JUnitReportReporter -->
<testsuite hostname="LAPTOP-KFM2KDI1" failures="0" tests="1" name="com.supermarket.tests.ManageProductTest" time="17.940" errors="0" timestamp="2022-11-08T23:12:02 IST" skipped="0">
  <testcase classname="com.supermarket.tests.ManageProductTest" name="verify_create_new_product" time="17.940"/>
  <system-out/>
</testsuite> <!-- com.supermarket.tests.ManageProductTest -->
