<?xml version="1.0" encoding="UTF-8"?>
<!-- Generated by org.testng.reporters.JUnitReportReporter -->
<testsuite hostname="LAPTOP-KFM2KDI1" failures="0" tests="1" name="com.supermarket.tests.PushNotificationTest" time="8.610" errors="0" timestamp="2022-11-01T08:01:43 IST" skipped="0">
  <testcase classname="com.supermarket.tests.PushNotificationTest" name="verify_PushNotification" time="8.610"/>
  <system-out/>
</testsuite> <!-- com.supermarket.tests.PushNotificationTest -->
