<?xml version="1.0" encoding="UTF-8"?>
<!-- Generated by org.testng.reporters.JUnitReportReporter -->
<testsuite hostname="LAPTOP-KFM2KDI1" failures="0" tests="4" name="com.supermarket.tests.ManageOrderTest" time="53.593" errors="0" timestamp="2022-11-10T19:00:45 IST" skipped="0">
  <testcase classname="com.supermarket.tests.ManageOrderTest" name="verify_DetailsOfOrderId406" time="20.270"/>
  <system-out/>
  <testcase classname="com.supermarket.tests.ManageOrderTest" name="verify_SearchListOrders" time="12.277"/>
  <system-out/>
  <testcase classname="com.supermarket.tests.ManageOrderTest" name="verify_ViewOption" time="9.983"/>
  <system-out/>
  <testcase classname="com.supermarket.tests.ManageOrderTest" name="verify_ResetListOrders" time="11.063"/>
  <system-out/>
</testsuite> <!-- com.supermarket.tests.ManageOrderTest -->
