<?xml version="1.0" encoding="UTF-8"?>
<!-- Generated by org.testng.reporters.JUnitReportReporter -->
<testsuite hostname="LAPTOP-KFM2KDI1" failures="0" tests="1" name="com.supermarket.tests.ManageDeliveryBoyTest" time="16.435" errors="0" timestamp="2022-11-07T08:53:55 IST" skipped="0">
  <testcase classname="com.supermarket.tests.ManageDeliveryBoyTest" name="verify_new_deliveryBoy_creation" time="16.435"/>
  <system-out/>
</testsuite> <!-- com.supermarket.tests.ManageDeliveryBoyTest -->
