<?xml version="1.0" encoding="UTF-8"?>
<!-- Generated by org.testng.reporters.JUnitReportReporter -->
<testsuite hostname="LAPTOP-KFM2KDI1" failures="0" tests="1" name="com.supermarket.tests.ManageOfferCodeTest" time="11.670" errors="0" timestamp="2022-11-09T22:40:33 IST" skipped="0">
  <testcase classname="com.supermarket.tests.ManageOfferCodeTest" name="verify_EnterOfferInformations" time="11.670"/>
  <system-out/>
</testsuite> <!-- com.supermarket.tests.ManageOfferCodeTest -->
