<?xml version="1.0" encoding="UTF-8"?>
<!-- Generated by org.testng.reporters.JUnitReportReporter -->
<testsuite hostname="LAPTOP-KFM2KDI1" failures="0" tests="1" name="com.supermarket.tests.ManageUserTest" time="9.729" errors="0" timestamp="2022-11-03T14:06:15 IST" skipped="0">
  <testcase classname="com.supermarket.tests.ManageUserTest" name="verify_user_deactivation" time="9.729"/>
  <system-out/>
</testsuite> <!-- com.supermarket.tests.ManageUserTest -->
