<?xml version="1.0" encoding="UTF-8"?>
<!-- Generated by org.testng.reporters.JUnitReportReporter -->
<testsuite hostname="LAPTOP-KFM2KDI1" failures="0" tests="1" name="com.supermarket.tests.ManageExpenseTest" time="8.304" errors="0" timestamp="2022-11-10T12:48:03 IST" skipped="0">
  <testcase classname="com.supermarket.tests.ManageExpenseTest" name="verify_newButton" time="8.304"/>
  <system-out/>
</testsuite> <!-- com.supermarket.tests.ManageExpenseTest -->
