<?xml version="1.0" encoding="UTF-8"?>
<!-- Generated by org.testng.reporters.JUnitReportReporter -->
<testsuite hostname="LAPTOP-KFM2KDI1" failures="0" tests="3" name="com.supermarket.tests.ManageLocationTest" time="23.389" errors="0" timestamp="2022-11-10T13:32:45 IST" skipped="0">
  <testcase classname="com.supermarket.tests.ManageLocationTest" name="verify_EnterLocationInformations" time="7.799"/>
  <system-out/>
  <testcase classname="com.supermarket.tests.ManageLocationTest" name="verify_StatusChangeOption" time="5.693"/>
  <system-out/>
  <testcase classname="com.supermarket.tests.ManageLocationTest" name="verify_UpDateLocationInformations" time="9.897"/>
  <system-out/>
</testsuite> <!-- com.supermarket.tests.ManageLocationTest -->
