<?xml version="1.0" encoding="UTF-8"?>
<!-- Generated by org.testng.reporters.JUnitReportReporter -->
<testsuite hostname="LAPTOP-KFM2KDI1" failures="0" tests="1" name="com.supermarket.tests.ManageExpenseTest" time="14.709" errors="0" timestamp="2022-11-03T07:40:17 IST" skipped="0">
  <testcase classname="com.supermarket.tests.ManageExpenseTest" name="verify_deleteButton" time="14.709"/>
  <system-out/>
</testsuite> <!-- com.supermarket.tests.ManageExpenseTest -->
