<?xml version="1.0" encoding="UTF-8"?>
<!-- Generated by org.testng.reporters.JUnitReportReporter -->
<testsuite hostname="LAPTOP-KFM2KDI1" failures="0" tests="4" name="com.supermarket.tests.ManageOrderTest" time="35.611" errors="0" timestamp="2022-11-09T22:46:48 IST" skipped="0">
  <testcase classname="com.supermarket.tests.ManageOrderTest" name="verify_DetailsOfOrderId406" time="9.586"/>
  <system-out/>
  <testcase classname="com.supermarket.tests.ManageOrderTest" name="verify_ViewOption" time="7.659"/>
  <system-out/>
  <testcase classname="com.supermarket.tests.ManageOrderTest" name="verify_SearchListOrders" time="7.949"/>
  <system-out/>
  <testcase classname="com.supermarket.tests.ManageOrderTest" name="verify_ResetListOrders" time="10.417"/>
  <system-out/>
</testsuite> <!-- com.supermarket.tests.ManageOrderTest -->
