<?xml version="1.0" encoding="UTF-8"?>
<!-- Generated by org.testng.reporters.JUnitReportReporter -->
<testsuite hostname="LAPTOP-KFM2KDI1" failures="0" tests="1" name="com.supermarket.tests.PushNotificationTest" time="10.476" errors="0" timestamp="2022-11-07T22:46:43 IST" skipped="0">
  <testcase classname="com.supermarket.tests.PushNotificationTest" name="verify_PushNotification" time="10.476"/>
  <system-out/>
</testsuite> <!-- com.supermarket.tests.PushNotificationTest -->
