<?xml version="1.0" encoding="UTF-8"?>
<!-- Generated by org.testng.reporters.JUnitReportReporter -->
<testsuite hostname="LAPTOP-KFM2KDI1" failures="0" tests="2" name="com.supermarket.tests.MobileSliderTest" time="23.336" errors="0" timestamp="2022-11-10T19:00:45 IST" skipped="0">
  <testcase classname="com.supermarket.tests.MobileSliderTest" name="verify_StatusOptionForListOfMobileSlider" time="11.271"/>
  <system-out/>
  <testcase classname="com.supermarket.tests.MobileSliderTest" name="verify_AddingNewListOfMobileSlider" time="12.065"/>
  <system-out/>
</testsuite> <!-- com.supermarket.tests.MobileSliderTest -->
